[0.026s] Invoking command in '/home/ign/Desktop/ros2_ws/build/cpp_pubsub': CMAKE_PREFIX_PATH=${CMAKE_PREFIX_PATH}:/home/ign/Desktop/ros2_ws/install/py_srvcli:/home/ign/Desktop/ros2_ws/install/py_pubsub:/opt/ros/dashing PYTHONPATH=/home/ign/Desktop/ros2_ws/install/custom_msg/lib/python3.6/site-packages:/home/ign/Desktop/ros2_ws/install/py_srvcli/lib/python3.6/site-packages:/home/ign/Desktop/ros2_ws/install/py_pubsub/lib/python3.6/site-packages:/opt/ros/dashing/lib/python3.6/site-packages SHLVL=2 _=/usr/bin/env /usr/bin/cmake /home/ign/Desktop/ros2_ws/cpp_pubsub -DCMAKE_INSTALL_PREFIX=/home/ign/Desktop/ros2_ws/install/cpp_pubsub
[0.075s] -- Found ament_cmake: 0.7.5 (/opt/ros/dashing/share/ament_cmake/cmake)
[0.112s] -- Using PYTHON_EXECUTABLE: /usr/bin/python3
[0.399s] -- Override CMake install command with custom implementation using symlinks instead of copying resources
[0.549s] -- Found rclcpp: 0.7.14 (/opt/ros/dashing/share/rclcpp/cmake)
[0.665s] -- Found rosidl_adapter: 0.7.9 (/opt/ros/dashing/share/rosidl_adapter/cmake)
[0.739s] -- Found rmw_implementation_cmake: 0.7.2 (/opt/ros/dashing/share/rmw_implementation_cmake/cmake)
[0.742s] -- Using RMW implementation 'rmw_fastrtps_cpp' as default
[0.950s] -- Found std_msgs: 0.7.0 (/opt/ros/dashing/share/std_msgs/cmake)
[0.971s] -- Found custom_msg: 0.0.0 (/home/ign/Desktop/ros2_ws/install/custom_msg/share/custom_msg/cmake)
[1.005s] -- Found ament_lint_auto: 0.7.12 (/opt/ros/dashing/share/ament_lint_auto/cmake)
[1.150s] -- Added test 'copyright' to check for copyright in CMake / C / C++ / Python code
[1.151s] -- Added test 'cppcheck' to perform static code analysis on C / C++ code
[1.151s] -- Configured cppcheck include dirs: 
[1.152s] -- Added test 'cpplint' to check C / C++ code against the Google style
[1.153s] -- Added test 'lint_cmake' to check CMake code style
[1.154s] -- Added test 'uncrustify' to check C / C++ code style
[1.155s] -- Added test 'xmllint' to check XML markup files
[1.158s] -- Configuring done
[1.395s] -- Generating done
[1.398s] -- Build files have been written to: /home/ign/Desktop/ros2_ws/build/cpp_pubsub
[1.402s] Invoked command in '/home/ign/Desktop/ros2_ws/build/cpp_pubsub' returned '0': CMAKE_PREFIX_PATH=${CMAKE_PREFIX_PATH}:/home/ign/Desktop/ros2_ws/install/py_srvcli:/home/ign/Desktop/ros2_ws/install/py_pubsub:/opt/ros/dashing PYTHONPATH=/home/ign/Desktop/ros2_ws/install/custom_msg/lib/python3.6/site-packages:/home/ign/Desktop/ros2_ws/install/py_srvcli/lib/python3.6/site-packages:/home/ign/Desktop/ros2_ws/install/py_pubsub/lib/python3.6/site-packages:/opt/ros/dashing/lib/python3.6/site-packages SHLVL=2 _=/usr/bin/env /usr/bin/cmake /home/ign/Desktop/ros2_ws/cpp_pubsub -DCMAKE_INSTALL_PREFIX=/home/ign/Desktop/ros2_ws/install/cpp_pubsub
[1.408s] Invoking command in '/home/ign/Desktop/ros2_ws/build/cpp_pubsub': CMAKE_PREFIX_PATH=${CMAKE_PREFIX_PATH}:/home/ign/Desktop/ros2_ws/install/py_srvcli:/home/ign/Desktop/ros2_ws/install/py_pubsub:/opt/ros/dashing PYTHONPATH=/home/ign/Desktop/ros2_ws/install/custom_msg/lib/python3.6/site-packages:/home/ign/Desktop/ros2_ws/install/py_srvcli/lib/python3.6/site-packages:/home/ign/Desktop/ros2_ws/install/py_pubsub/lib/python3.6/site-packages:/opt/ros/dashing/lib/python3.6/site-packages SHLVL=2 _=/usr/bin/env /usr/bin/cmake --build /home/ign/Desktop/ros2_ws/build/cpp_pubsub -- -j4 -l4
[1.650s] [35m[1mScanning dependencies of target listener[0m
[1.651s] [35m[1mScanning dependencies of target talker[0m
[1.769s] [ 50%] [32mBuilding CXX object CMakeFiles/talker.dir/src/member.cpp.o[0m
[1.769s] [ 50%] [32mBuilding CXX object CMakeFiles/listener.dir/src/member2.cpp.o[0m
[2.695s] [01m[K/home/ign/Desktop/ros2_ws/cpp_pubsub/src/member2.cpp:5:10:[m[K [01;31m[Kfatal error: [m[Ktutorial_interfaces/msg/num.hpp: No such file or directory
[2.697s]  #include [01;31m[K"tutorial_interfaces/msg/num.hpp"[m[K
[2.698s]           [01;31m[K^~~~~~~~~~~~~~~~~~~~~~~~~~~~~~~~~[m[K
[2.698s] [01m[K/home/ign/Desktop/ros2_ws/cpp_pubsub/src/member.cpp:8:10:[m[K [01;31m[Kfatal error: [m[Ktutorial_interfaces/msg/num.hpp: No such file or directory
[2.699s]  #include [01;31m[K"tutorial_interfaces/msg/num.hpp"[m[K
[2.699s]           [01;31m[K^~~~~~~~~~~~~~~~~~~~~~~~~~~~~~~~~[m[K
[2.699s] compilation terminated.
[2.700s] compilation terminated.
[2.700s] CMakeFiles/listener.dir/build.make:62: recipe for target 'CMakeFiles/listener.dir/src/member2.cpp.o' failed
[2.700s] make[2]: *** [CMakeFiles/listener.dir/src/member2.cpp.o] Error 1
[2.701s] make[2]: *** [CMakeFiles/talker.dir/src/member.cpp.o] Error 1
[2.702s] CMakeFiles/talker.dir/build.make:62: recipe for target 'CMakeFiles/talker.dir/src/member.cpp.o' failed
[2.703s] CMakeFiles/Makefile2:136: recipe for target 'CMakeFiles/listener.dir/all' failed
[2.704s] make[1]: *** [CMakeFiles/listener.dir/all] Error 2
[2.705s] make[1]: *** Waiting for unfinished jobs....
[2.706s] make[1]: *** [CMakeFiles/talker.dir/all] Error 2
[2.707s] CMakeFiles/Makefile2:67: recipe for target 'CMakeFiles/talker.dir/all' failed
[2.707s] Makefile:140: recipe for target 'all' failed
[2.708s] make: *** [all] Error 2
[2.709s] Invoked command in '/home/ign/Desktop/ros2_ws/build/cpp_pubsub' returned '2': CMAKE_PREFIX_PATH=${CMAKE_PREFIX_PATH}:/home/ign/Desktop/ros2_ws/install/py_srvcli:/home/ign/Desktop/ros2_ws/install/py_pubsub:/opt/ros/dashing PYTHONPATH=/home/ign/Desktop/ros2_ws/install/custom_msg/lib/python3.6/site-packages:/home/ign/Desktop/ros2_ws/install/py_srvcli/lib/python3.6/site-packages:/home/ign/Desktop/ros2_ws/install/py_pubsub/lib/python3.6/site-packages:/opt/ros/dashing/lib/python3.6/site-packages SHLVL=2 _=/usr/bin/env /usr/bin/cmake --build /home/ign/Desktop/ros2_ws/build/cpp_pubsub -- -j4 -l4
